2021-07-14 09:43:22.022  INFO 95274 --- [main] e.c.l.S.SampleWebappApplication          : Starting SampleWebappApplication on lib-8171-mlap with PID 95274 (/Volumes/LaCie/cul/src/SampleWebapp/target/classes started by jaf30 in /Volumes/LaCie/cul/src/SampleWebapp)
2021-07-14 09:43:22.130  INFO 95274 --- [main] e.c.l.S.SampleWebappApplication          : The following profiles are active: dev
2021-07-14 09:43:23.406  INFO 95274 --- [main] o.apache.catalina.core.StandardService   : Starting service [Tomcat]
2021-07-14 09:43:23.407  INFO 95274 --- [main] org.apache.catalina.core.StandardEngine  : Starting Servlet engine: [Apache Tomcat/9.0.38]
2021-07-14 09:43:23.513  INFO 95274 --- [main] o.a.c.c.C.[Tomcat].[localhost].[/]       : Initializing Spring embedded WebApplicationContext
2021-07-14 09:43:23.682  INFO 95274 --- [main] org.quartz.impl.StdSchedulerFactory      : Using default implementation for ThreadExecutor
2021-07-14 09:43:23.715  INFO 95274 --- [main] org.quartz.core.SchedulerSignalerImpl    : Initialized Scheduler Signaller of type: class org.quartz.core.SchedulerSignalerImpl
2021-07-14 09:43:23.716  INFO 95274 --- [main] org.quartz.core.QuartzScheduler          : Quartz Scheduler v.2.3.2 created.
2021-07-14 09:43:23.718  INFO 95274 --- [main] org.quartz.simpl.RAMJobStore             : RAMJobStore initialized.
2021-07-14 09:43:23.720  INFO 95274 --- [main] org.quartz.core.QuartzScheduler          : Scheduler meta-data: Quartz Scheduler (v2.3.2) 'schedulerFactoryBean' with instanceId 'NON_CLUSTERED'
  Scheduler class: 'org.quartz.core.QuartzScheduler' - running locally.
  NOT STARTED.
  Currently in standby mode.
  Number of jobs executed: 0
  Using thread pool 'org.quartz.simpl.SimpleThreadPool' - with 10 threads.
  Using job-store 'org.quartz.simpl.RAMJobStore' - which does not support persistence. and is not clustered.

2021-07-14 09:43:23.720  INFO 95274 --- [main] org.quartz.impl.StdSchedulerFactory      : Quartz scheduler 'schedulerFactoryBean' initialized from an externally provided properties instance.
2021-07-14 09:43:23.720  INFO 95274 --- [main] org.quartz.impl.StdSchedulerFactory      : Quartz scheduler version: 2.3.2
2021-07-14 09:43:23.721  INFO 95274 --- [main] org.quartz.core.QuartzScheduler          : JobFactory set to: edu.cornell.library.SampleWebapp.component.SchedulerJobFactory@4e1ce44
2021-07-14 09:43:24.300  INFO 95274 --- [main] org.quartz.core.QuartzScheduler          : Scheduler schedulerFactoryBean_$_NON_CLUSTERED started.
2021-07-14 09:43:24.315  INFO 95274 --- [main] e.c.l.S.SampleWebappApplication          : Started SampleWebappApplication in 2.98 seconds (JVM running for 3.422)
2021-07-14 09:44:13.316  INFO 95274 --- [SpringContextShutdownHook] org.quartz.core.QuartzScheduler          : Scheduler schedulerFactoryBean_$_NON_CLUSTERED paused.
2021-07-14 09:44:13.392  INFO 95274 --- [SpringContextShutdownHook] org.quartz.core.QuartzScheduler          : Scheduler schedulerFactoryBean_$_NON_CLUSTERED shutting down.
2021-07-14 09:44:13.392  INFO 95274 --- [SpringContextShutdownHook] org.quartz.core.QuartzScheduler          : Scheduler schedulerFactoryBean_$_NON_CLUSTERED paused.
2021-07-14 09:44:13.393  INFO 95274 --- [SpringContextShutdownHook] org.quartz.core.QuartzScheduler          : Scheduler schedulerFactoryBean_$_NON_CLUSTERED shutdown complete.
2021-07-14 09:48:15.718  INFO 95522 --- [main] e.c.l.S.SampleWebappApplication          : Starting SampleWebappApplication on lib-8171-mlap with PID 95522 (/Volumes/LaCie/cul/src/SampleWebapp/target/classes started by jaf30 in /Volumes/LaCie/cul/src/SampleWebapp)
2021-07-14 09:48:15.720  INFO 95522 --- [main] e.c.l.S.SampleWebappApplication          : The following profiles are active: dev
2021-07-14 09:48:17.025  INFO 95522 --- [main] o.apache.catalina.core.StandardService   : Starting service [Tomcat]
2021-07-14 09:48:17.026  INFO 95522 --- [main] org.apache.catalina.core.StandardEngine  : Starting Servlet engine: [Apache Tomcat/9.0.38]
2021-07-14 09:48:17.193  INFO 95522 --- [main] o.a.c.c.C.[Tomcat].[localhost].[/]       : Initializing Spring embedded WebApplicationContext
2021-07-14 09:48:17.286  INFO 95522 --- [main] org.quartz.impl.StdSchedulerFactory      : Using default implementation for ThreadExecutor
2021-07-14 09:48:17.297  INFO 95522 --- [main] org.quartz.core.SchedulerSignalerImpl    : Initialized Scheduler Signaller of type: class org.quartz.core.SchedulerSignalerImpl
2021-07-14 09:48:17.297  INFO 95522 --- [main] org.quartz.core.QuartzScheduler          : Quartz Scheduler v.2.3.2 created.
2021-07-14 09:48:17.298  INFO 95522 --- [main] org.quartz.simpl.RAMJobStore             : RAMJobStore initialized.
2021-07-14 09:48:17.298  INFO 95522 --- [main] org.quartz.core.QuartzScheduler          : Scheduler meta-data: Quartz Scheduler (v2.3.2) 'schedulerFactoryBean' with instanceId 'NON_CLUSTERED'
  Scheduler class: 'org.quartz.core.QuartzScheduler' - running locally.
  NOT STARTED.
  Currently in standby mode.
  Number of jobs executed: 0
  Using thread pool 'org.quartz.simpl.SimpleThreadPool' - with 10 threads.
  Using job-store 'org.quartz.simpl.RAMJobStore' - which does not support persistence. and is not clustered.

2021-07-14 09:48:17.298  INFO 95522 --- [main] org.quartz.impl.StdSchedulerFactory      : Quartz scheduler 'schedulerFactoryBean' initialized from an externally provided properties instance.
2021-07-14 09:48:17.299  INFO 95522 --- [main] org.quartz.impl.StdSchedulerFactory      : Quartz scheduler version: 2.3.2
2021-07-14 09:48:17.299  INFO 95522 --- [main] org.quartz.core.QuartzScheduler          : JobFactory set to: edu.cornell.library.SampleWebapp.component.SchedulerJobFactory@700f518a
2021-07-14 09:48:17.820  INFO 95522 --- [main] org.quartz.core.QuartzScheduler          : Scheduler schedulerFactoryBean_$_NON_CLUSTERED started.
2021-07-14 09:48:17.887  INFO 95522 --- [main] e.c.l.S.SampleWebappApplication          : Started SampleWebappApplication in 2.916 seconds (JVM running for 3.357)
2021-07-14 09:53:01.209  INFO 95522 --- [SpringContextShutdownHook] org.quartz.core.QuartzScheduler          : Scheduler schedulerFactoryBean_$_NON_CLUSTERED paused.
2021-07-14 09:53:01.282  INFO 95522 --- [SpringContextShutdownHook] org.quartz.core.QuartzScheduler          : Scheduler schedulerFactoryBean_$_NON_CLUSTERED shutting down.
2021-07-14 09:53:01.283  INFO 95522 --- [SpringContextShutdownHook] org.quartz.core.QuartzScheduler          : Scheduler schedulerFactoryBean_$_NON_CLUSTERED paused.
2021-07-14 09:53:01.283  INFO 95522 --- [SpringContextShutdownHook] org.quartz.core.QuartzScheduler          : Scheduler schedulerFactoryBean_$_NON_CLUSTERED shutdown complete.
2021-07-14 09:53:09.767  INFO 95685 --- [main] e.c.l.S.SampleWebappApplication          : Starting SampleWebappApplication on lib-8171-mlap with PID 95685 (/Volumes/LaCie/cul/src/SampleWebapp/target/classes started by jaf30 in /Volumes/LaCie/cul/src/SampleWebapp)
2021-07-14 09:53:09.769  INFO 95685 --- [main] e.c.l.S.SampleWebappApplication          : The following profiles are active: dev
2021-07-14 09:53:11.321  INFO 95685 --- [main] o.apache.catalina.core.StandardService   : Starting service [Tomcat]
2021-07-14 09:53:11.321  INFO 95685 --- [main] org.apache.catalina.core.StandardEngine  : Starting Servlet engine: [Apache Tomcat/9.0.38]
2021-07-14 09:53:11.510  INFO 95685 --- [main] o.a.c.c.C.[Tomcat].[localhost].[/]       : Initializing Spring embedded WebApplicationContext
2021-07-14 09:53:11.609  INFO 95685 --- [main] org.quartz.impl.StdSchedulerFactory      : Using default implementation for ThreadExecutor
2021-07-14 09:53:11.621  INFO 95685 --- [main] org.quartz.core.SchedulerSignalerImpl    : Initialized Scheduler Signaller of type: class org.quartz.core.SchedulerSignalerImpl
2021-07-14 09:53:11.621  INFO 95685 --- [main] org.quartz.core.QuartzScheduler          : Quartz Scheduler v.2.3.2 created.
2021-07-14 09:53:11.622  INFO 95685 --- [main] org.quartz.simpl.RAMJobStore             : RAMJobStore initialized.
2021-07-14 09:53:11.623  INFO 95685 --- [main] org.quartz.core.QuartzScheduler          : Scheduler meta-data: Quartz Scheduler (v2.3.2) 'schedulerFactoryBean' with instanceId 'NON_CLUSTERED'
  Scheduler class: 'org.quartz.core.QuartzScheduler' - running locally.
  NOT STARTED.
  Currently in standby mode.
  Number of jobs executed: 0
  Using thread pool 'org.quartz.simpl.SimpleThreadPool' - with 10 threads.
  Using job-store 'org.quartz.simpl.RAMJobStore' - which does not support persistence. and is not clustered.

2021-07-14 09:53:11.626  INFO 95685 --- [main] org.quartz.impl.StdSchedulerFactory      : Quartz scheduler 'schedulerFactoryBean' initialized from an externally provided properties instance.
2021-07-14 09:53:11.626  INFO 95685 --- [main] org.quartz.impl.StdSchedulerFactory      : Quartz scheduler version: 2.3.2
2021-07-14 09:53:11.626  INFO 95685 --- [main] org.quartz.core.QuartzScheduler          : JobFactory set to: edu.cornell.library.SampleWebapp.component.SchedulerJobFactory@7fd8c559
2021-07-14 09:53:12.091  INFO 95685 --- [main] org.quartz.core.QuartzScheduler          : Scheduler schedulerFactoryBean_$_NON_CLUSTERED started.
2021-07-14 09:53:12.107  INFO 95685 --- [main] e.c.l.S.SampleWebappApplication          : Started SampleWebappApplication in 3.046 seconds (JVM running for 3.608)
2021-07-14 09:53:32.867  INFO 95685 --- [SpringContextShutdownHook] org.quartz.core.QuartzScheduler          : Scheduler schedulerFactoryBean_$_NON_CLUSTERED paused.
2021-07-14 09:53:32.942  INFO 95685 --- [SpringContextShutdownHook] org.quartz.core.QuartzScheduler          : Scheduler schedulerFactoryBean_$_NON_CLUSTERED shutting down.
2021-07-14 09:53:32.943  INFO 95685 --- [SpringContextShutdownHook] org.quartz.core.QuartzScheduler          : Scheduler schedulerFactoryBean_$_NON_CLUSTERED paused.
2021-07-14 09:53:32.943  INFO 95685 --- [SpringContextShutdownHook] org.quartz.core.QuartzScheduler          : Scheduler schedulerFactoryBean_$_NON_CLUSTERED shutdown complete.
2021-07-14 10:00:18.423  INFO 95929 --- [main] e.c.l.S.SampleWebappApplication          : Starting SampleWebappApplication on lib-8171-mlap with PID 95929 (/Volumes/LaCie/cul/src/SampleWebapp/target/classes started by jaf30 in /Volumes/LaCie/cul/src/SampleWebapp)
2021-07-14 10:00:18.429  INFO 95929 --- [main] e.c.l.S.SampleWebappApplication          : The following profiles are active: dev
2021-07-14 10:00:19.926  INFO 95929 --- [main] o.apache.catalina.core.StandardService   : Starting service [Tomcat]
2021-07-14 10:00:19.927  INFO 95929 --- [main] org.apache.catalina.core.StandardEngine  : Starting Servlet engine: [Apache Tomcat/9.0.38]
2021-07-14 10:00:20.042  INFO 95929 --- [main] o.a.c.c.C.[Tomcat].[localhost].[/]       : Initializing Spring embedded WebApplicationContext
2021-07-14 10:00:20.190  INFO 95929 --- [main] org.quartz.impl.StdSchedulerFactory      : Using default implementation for ThreadExecutor
2021-07-14 10:00:20.209  INFO 95929 --- [main] org.quartz.core.SchedulerSignalerImpl    : Initialized Scheduler Signaller of type: class org.quartz.core.SchedulerSignalerImpl
2021-07-14 10:00:20.209  INFO 95929 --- [main] org.quartz.core.QuartzScheduler          : Quartz Scheduler v.2.3.2 created.
2021-07-14 10:00:20.211  INFO 95929 --- [main] org.quartz.simpl.RAMJobStore             : RAMJobStore initialized.
2021-07-14 10:00:20.211  INFO 95929 --- [main] org.quartz.core.QuartzScheduler          : Scheduler meta-data: Quartz Scheduler (v2.3.2) 'schedulerFactoryBean' with instanceId 'NON_CLUSTERED'
  Scheduler class: 'org.quartz.core.QuartzScheduler' - running locally.
  NOT STARTED.
  Currently in standby mode.
  Number of jobs executed: 0
  Using thread pool 'org.quartz.simpl.SimpleThreadPool' - with 10 threads.
  Using job-store 'org.quartz.simpl.RAMJobStore' - which does not support persistence. and is not clustered.

2021-07-14 10:00:20.212  INFO 95929 --- [main] org.quartz.impl.StdSchedulerFactory      : Quartz scheduler 'schedulerFactoryBean' initialized from an externally provided properties instance.
2021-07-14 10:00:20.212  INFO 95929 --- [main] org.quartz.impl.StdSchedulerFactory      : Quartz scheduler version: 2.3.2
2021-07-14 10:00:20.212  INFO 95929 --- [main] org.quartz.core.QuartzScheduler          : JobFactory set to: edu.cornell.library.SampleWebapp.component.SchedulerJobFactory@5c534b5b
2021-07-14 10:00:20.678  INFO 95929 --- [main] org.quartz.core.QuartzScheduler          : Scheduler schedulerFactoryBean_$_NON_CLUSTERED started.
2021-07-14 10:00:20.705  INFO 95929 --- [main] e.c.l.S.SampleWebappApplication          : Started SampleWebappApplication in 3.01 seconds (JVM running for 3.544)
2021-07-14 10:02:08.088  INFO 95929 --- [SpringContextShutdownHook] org.quartz.core.QuartzScheduler          : Scheduler schedulerFactoryBean_$_NON_CLUSTERED paused.
2021-07-14 10:02:08.165  INFO 95929 --- [SpringContextShutdownHook] org.quartz.core.QuartzScheduler          : Scheduler schedulerFactoryBean_$_NON_CLUSTERED shutting down.
2021-07-14 10:02:08.166  INFO 95929 --- [SpringContextShutdownHook] org.quartz.core.QuartzScheduler          : Scheduler schedulerFactoryBean_$_NON_CLUSTERED paused.
2021-07-14 10:02:08.166  INFO 95929 --- [SpringContextShutdownHook] org.quartz.core.QuartzScheduler          : Scheduler schedulerFactoryBean_$_NON_CLUSTERED shutdown complete.
2021-07-14 10:36:20.487  INFO 97385 --- [main] e.c.l.S.SampleWebappApplication          : Starting SampleWebappApplication on lib-8171-mlap with PID 97385 (/Volumes/LaCie/cul/src/SampleWebapp/target/classes started by jaf30 in /Volumes/LaCie/cul/src/SampleWebapp)
2021-07-14 10:36:20.568  INFO 97385 --- [main] e.c.l.S.SampleWebappApplication          : The following profiles are active: dev
2021-07-14 10:36:22.001  INFO 97385 --- [main] o.apache.catalina.core.StandardService   : Starting service [Tomcat]
2021-07-14 10:36:22.001  INFO 97385 --- [main] org.apache.catalina.core.StandardEngine  : Starting Servlet engine: [Apache Tomcat/9.0.38]
2021-07-14 10:36:22.101  INFO 97385 --- [main] o.a.c.c.C.[Tomcat].[localhost].[/]       : Initializing Spring embedded WebApplicationContext
2021-07-14 10:36:22.223  INFO 97385 --- [main] zConfig$$EnhancerBySpringCGLIB$$884a5ed4 : Hello world from QuartzConfig...
2021-07-14 10:36:22.224  INFO 97385 --- [main] mitJobs$$EnhancerBySpringCGLIB$$abbc17a0 : Hello world from QuartzSubmitJobs...
2021-07-14 10:36:22.257  WARN 97385 --- [main] ConfigServletWebServerApplicationContext : Exception encountered during context initialization - cancelling refresh attempt: org.springframework.beans.factory.UnsatisfiedDependencyException: Error creating bean with name 'scheduler' defined in class path resource [edu/cornell/library/SampleWebapp/config/QuartzConfig.class]: Unsatisfied dependency expressed through method 'scheduler' parameter 0; nested exception is org.springframework.beans.factory.UnsatisfiedDependencyException: Error creating bean with name 'jobTrigger' defined in class path resource [edu/cornell/library/SampleWebapp/config/QuartzSubmitJobs.class]: Unsatisfied dependency expressed through method 'triggerJob' parameter 0; nested exception is org.springframework.beans.factory.NoSuchBeanDefinitionException: No qualifying bean of type 'org.quartz.JobDetail' available: expected at least 1 bean which qualifies as autowire candidate. Dependency annotations: {@org.springframework.beans.factory.annotation.Qualifier(value="triggerJob")}
2021-07-14 10:36:22.261  INFO 97385 --- [main] o.apache.catalina.core.StandardService   : Stopping service [Tomcat]
2021-07-14 10:36:22.396  INFO 97385 --- [main] mitJobs$$EnhancerBySpringCGLIB$$abbc17a0 : Hello world from QuartzSubmitJobs...
2021-07-14 10:36:22.407 ERROR 97385 --- [main] o.s.b.d.LoggingFailureAnalysisReporter   : 

***************************
APPLICATION FAILED TO START
***************************

Description:

Parameter 0 of method triggerJob in edu.cornell.library.SampleWebapp.config.QuartzSubmitJobs required a bean of type 'org.quartz.JobDetail' that could not be found.

The following candidates were found but could not be injected:
	- User-defined bean method 'jobMemberStats' in 'QuartzSubmitJobs'


Action:

Consider revisiting the entries above or defining a bean of type 'org.quartz.JobDetail' in your configuration.

2021-07-14 10:55:55.013  INFO 98091 --- [main] e.c.l.S.SampleWebappApplication          : Starting SampleWebappApplication on lib-8171-mlap with PID 98091 (/Volumes/LaCie/cul/src/SampleWebapp/target/classes started by jaf30 in /Volumes/LaCie/cul/src/SampleWebapp)
2021-07-14 10:55:55.065  INFO 98091 --- [main] e.c.l.S.SampleWebappApplication          : The following profiles are active: dev
2021-07-14 10:55:56.449  INFO 98091 --- [main] o.apache.catalina.core.StandardService   : Starting service [Tomcat]
2021-07-14 10:55:56.449  INFO 98091 --- [main] org.apache.catalina.core.StandardEngine  : Starting Servlet engine: [Apache Tomcat/9.0.38]
2021-07-14 10:55:56.558  INFO 98091 --- [main] o.a.c.c.C.[Tomcat].[localhost].[/]       : Initializing Spring embedded WebApplicationContext
2021-07-14 10:55:56.613  INFO 98091 --- [main] zConfig$$EnhancerBySpringCGLIB$$671aa577 : Hello world from QuartzConfig...
2021-07-14 10:55:56.615  INFO 98091 --- [main] mitJobs$$EnhancerBySpringCGLIB$$8a8c5e43 : Hello world from QuartzSubmitJobs...
2021-07-14 10:55:56.629  WARN 98091 --- [main] ConfigServletWebServerApplicationContext : Exception encountered during context initialization - cancelling refresh attempt: org.springframework.beans.factory.UnsatisfiedDependencyException: Error creating bean with name 'scheduler' defined in class path resource [edu/cornell/library/SampleWebapp/config/QuartzConfig.class]: Unsatisfied dependency expressed through method 'scheduler' parameter 0; nested exception is org.springframework.beans.factory.UnsatisfiedDependencyException: Error creating bean with name 'jobTrigger' defined in class path resource [edu/cornell/library/SampleWebapp/config/QuartzSubmitJobs.class]: Unsatisfied dependency expressed through method 'triggerJob' parameter 0; nested exception is org.springframework.beans.factory.NoSuchBeanDefinitionException: No qualifying bean of type 'org.quartz.JobDetail' available: expected at least 1 bean which qualifies as autowire candidate. Dependency annotations: {@org.springframework.beans.factory.annotation.Qualifier(value="triggerJob")}
2021-07-14 10:55:56.632  INFO 98091 --- [main] o.apache.catalina.core.StandardService   : Stopping service [Tomcat]
2021-07-14 10:55:56.862  INFO 98091 --- [main] mitJobs$$EnhancerBySpringCGLIB$$8a8c5e43 : Hello world from QuartzSubmitJobs...
2021-07-14 10:55:56.867  INFO 98091 --- [main] e.c.l.SampleWebapp.config.QuartzConfig   : createJobDetail(jobClass=edu.cornell.library.SampleWebapp.jobs.SimpleJob, jobName=simple Job)
2021-07-14 10:55:56.875 ERROR 98091 --- [main] o.s.b.d.LoggingFailureAnalysisReporter   : 

***************************
APPLICATION FAILED TO START
***************************

Description:

Parameter 0 of method triggerJob in edu.cornell.library.SampleWebapp.config.QuartzSubmitJobs required a bean of type 'org.quartz.JobDetail' that could not be found.

The following candidates were found but could not be injected:
	- User-defined bean method 'simpleJobDetail' in 'QuartzSubmitJobs'


Action:

Consider revisiting the entries above or defining a bean of type 'org.quartz.JobDetail' in your configuration.

2021-07-14 11:07:55.735  INFO 98472 --- [main] e.c.l.S.SampleWebappApplication          : Starting SampleWebappApplication on lib-8171-mlap with PID 98472 (/Volumes/LaCie/cul/src/SampleWebapp/target/classes started by jaf30 in /Volumes/LaCie/cul/src/SampleWebapp)
2021-07-14 11:07:55.738  INFO 98472 --- [main] e.c.l.S.SampleWebappApplication          : The following profiles are active: dev
2021-07-14 11:07:57.312  INFO 98472 --- [main] o.apache.catalina.core.StandardService   : Starting service [Tomcat]
2021-07-14 11:07:57.313  INFO 98472 --- [main] org.apache.catalina.core.StandardEngine  : Starting Servlet engine: [Apache Tomcat/9.0.38]
2021-07-14 11:07:57.408  INFO 98472 --- [main] o.a.c.c.C.[Tomcat].[localhost].[/]       : Initializing Spring embedded WebApplicationContext
2021-07-14 11:07:57.460  INFO 98472 --- [main] zConfig$$EnhancerBySpringCGLIB$$1609ef48 : Hello world from QuartzConfig...
2021-07-14 11:07:57.462  INFO 98472 --- [main] mitJobs$$EnhancerBySpringCGLIB$$397ba814 : Hello world from QuartzSubmitJobs...
2021-07-14 11:07:57.480  INFO 98472 --- [main] e.c.l.SampleWebapp.config.QuartzConfig   : createJobDetail(jobClass=edu.cornell.library.SampleWebapp.jobs.SimpleJob, jobName=simple Job)
2021-07-14 11:07:57.545  INFO 98472 --- [main] org.quartz.impl.StdSchedulerFactory      : Using default implementation for ThreadExecutor
2021-07-14 11:07:57.558  INFO 98472 --- [main] org.quartz.core.SchedulerSignalerImpl    : Initialized Scheduler Signaller of type: class org.quartz.core.SchedulerSignalerImpl
2021-07-14 11:07:57.558  INFO 98472 --- [main] org.quartz.core.QuartzScheduler          : Quartz Scheduler v.2.3.2 created.
2021-07-14 11:07:57.559  INFO 98472 --- [main] org.quartz.simpl.RAMJobStore             : RAMJobStore initialized.
2021-07-14 11:07:57.560  INFO 98472 --- [main] org.quartz.core.QuartzScheduler          : Scheduler meta-data: Quartz Scheduler (v2.3.2) 'MyInstanceName' with instanceId 'Instance1'
  Scheduler class: 'org.quartz.core.QuartzScheduler' - running locally.
  NOT STARTED.
  Currently in standby mode.
  Number of jobs executed: 0
  Using thread pool 'org.quartz.simpl.SimpleThreadPool' - with 10 threads.
  Using job-store 'org.quartz.simpl.RAMJobStore' - which does not support persistence. and is not clustered.

2021-07-14 11:07:57.560  INFO 98472 --- [main] org.quartz.impl.StdSchedulerFactory      : Quartz scheduler 'MyInstanceName' initialized from an externally provided properties instance.
2021-07-14 11:07:57.560  INFO 98472 --- [main] org.quartz.impl.StdSchedulerFactory      : Quartz scheduler version: 2.3.2
2021-07-14 11:07:57.560  INFO 98472 --- [main] org.quartz.core.QuartzScheduler          : JobFactory set to: edu.cornell.library.SampleWebapp.config.AutoWiringSpringBeanJobFactory@3672276e
2021-07-14 11:07:58.026  INFO 98472 --- [main] org.quartz.core.QuartzScheduler          : Scheduler MyInstanceName_$_Instance1 started.
2021-07-14 11:07:58.035  INFO 98472 --- [MyInstanceName_Worker-1] e.c.library.SampleWebapp.jobs.SimpleJob  : SimpleJob Start................
2021-07-14 11:07:58.038  INFO 98472 --- [MyInstanceName_Worker-1] e.c.library.SampleWebapp.jobs.SimpleJob  : Counting - 0
2021-07-14 11:07:58.049  INFO 98472 --- [main] e.c.l.S.SampleWebappApplication          : Started SampleWebappApplication in 2.93 seconds (JVM running for 3.426)
2021-07-14 11:07:59.042  INFO 98472 --- [MyInstanceName_Worker-1] e.c.library.SampleWebapp.jobs.SimpleJob  : Counting - 1
2021-07-14 11:08:00.047  INFO 98472 --- [MyInstanceName_Worker-1] e.c.library.SampleWebapp.jobs.SimpleJob  : Counting - 2
2021-07-14 11:08:01.048  INFO 98472 --- [MyInstanceName_Worker-1] e.c.library.SampleWebapp.jobs.SimpleJob  : Counting - 3
2021-07-14 11:08:02.048  INFO 98472 --- [MyInstanceName_Worker-1] e.c.library.SampleWebapp.jobs.SimpleJob  : Counting - 4
2021-07-14 11:08:03.049  INFO 98472 --- [MyInstanceName_Worker-1] e.c.library.SampleWebapp.jobs.SimpleJob  : SimpleJob End................
2021-07-14 11:08:57.492  INFO 98472 --- [MyInstanceName_Worker-2] e.c.library.SampleWebapp.jobs.SimpleJob  : SimpleJob Start................
2021-07-14 11:08:57.492  INFO 98472 --- [MyInstanceName_Worker-2] e.c.library.SampleWebapp.jobs.SimpleJob  : Counting - 0
2021-07-14 11:08:58.496  INFO 98472 --- [MyInstanceName_Worker-2] e.c.library.SampleWebapp.jobs.SimpleJob  : Counting - 1
2021-07-14 11:08:59.500  INFO 98472 --- [MyInstanceName_Worker-2] e.c.library.SampleWebapp.jobs.SimpleJob  : Counting - 2
2021-07-14 11:09:00.504  INFO 98472 --- [MyInstanceName_Worker-2] e.c.library.SampleWebapp.jobs.SimpleJob  : Counting - 3
2021-07-14 11:09:01.506  INFO 98472 --- [MyInstanceName_Worker-2] e.c.library.SampleWebapp.jobs.SimpleJob  : Counting - 4
2021-07-14 11:09:02.508  INFO 98472 --- [MyInstanceName_Worker-2] e.c.library.SampleWebapp.jobs.SimpleJob  : SimpleJob End................
2021-07-14 11:09:52.815  INFO 98472 --- [SpringContextShutdownHook] org.quartz.core.QuartzScheduler          : Scheduler MyInstanceName_$_Instance1 paused.
2021-07-14 11:09:52.885  INFO 98472 --- [SpringContextShutdownHook] org.quartz.core.QuartzScheduler          : Scheduler MyInstanceName_$_Instance1 shutting down.
2021-07-14 11:09:52.887  INFO 98472 --- [SpringContextShutdownHook] org.quartz.core.QuartzScheduler          : Scheduler MyInstanceName_$_Instance1 paused.
2021-07-14 11:09:53.181  INFO 98472 --- [SpringContextShutdownHook] org.quartz.core.QuartzScheduler          : Scheduler MyInstanceName_$_Instance1 shutdown complete.
2021-07-14 11:34:16.787  INFO 99494 --- [main] e.c.l.S.SampleWebappApplication          : Starting SampleWebappApplication on lib-8171-mlap with PID 99494 (/Volumes/LaCie/cul/src/SampleWebapp/target/classes started by jaf30 in /Volumes/LaCie/cul/src/SampleWebapp)
2021-07-14 11:34:16.920  INFO 99494 --- [main] e.c.l.S.SampleWebappApplication          : The following profiles are active: dev
2021-07-14 11:34:18.263  INFO 99494 --- [main] o.apache.catalina.core.StandardService   : Starting service [Tomcat]
2021-07-14 11:34:18.263  INFO 99494 --- [main] org.apache.catalina.core.StandardEngine  : Starting Servlet engine: [Apache Tomcat/9.0.38]
2021-07-14 11:34:18.359  INFO 99494 --- [main] o.a.c.c.C.[Tomcat].[localhost].[/]       : Initializing Spring embedded WebApplicationContext
2021-07-14 11:34:18.460  INFO 99494 --- [main] zConfig$$EnhancerBySpringCGLIB$$44ab2cbe : Hello world from QuartzConfig...
2021-07-14 11:34:18.463  INFO 99494 --- [main] mitJobs$$EnhancerBySpringCGLIB$$681ce58a : Hello world from QuartzSubmitJobs...
2021-07-14 11:34:18.499  INFO 99494 --- [main] e.c.l.SampleWebapp.config.QuartzConfig   : createJobDetail(jobClass=edu.cornell.library.SampleWebapp.jobs.SimpleJob, jobName=simple Job)
2021-07-14 11:34:18.586  INFO 99494 --- [main] org.quartz.impl.StdSchedulerFactory      : Using default implementation for ThreadExecutor
2021-07-14 11:34:18.600  INFO 99494 --- [main] org.quartz.core.SchedulerSignalerImpl    : Initialized Scheduler Signaller of type: class org.quartz.core.SchedulerSignalerImpl
2021-07-14 11:34:18.600  INFO 99494 --- [main] org.quartz.core.QuartzScheduler          : Quartz Scheduler v.2.3.2 created.
2021-07-14 11:34:18.601  INFO 99494 --- [main] org.quartz.simpl.RAMJobStore             : RAMJobStore initialized.
2021-07-14 11:34:18.602  INFO 99494 --- [main] org.quartz.core.QuartzScheduler          : Scheduler meta-data: Quartz Scheduler (v2.3.2) 'MyInstanceName' with instanceId 'Instance1'
  Scheduler class: 'org.quartz.core.QuartzScheduler' - running locally.
  NOT STARTED.
  Currently in standby mode.
  Number of jobs executed: 0
  Using thread pool 'org.quartz.simpl.SimpleThreadPool' - with 10 threads.
  Using job-store 'org.quartz.simpl.RAMJobStore' - which does not support persistence. and is not clustered.

2021-07-14 11:34:18.602  INFO 99494 --- [main] org.quartz.impl.StdSchedulerFactory      : Quartz scheduler 'MyInstanceName' initialized from an externally provided properties instance.
2021-07-14 11:34:18.602  INFO 99494 --- [main] org.quartz.impl.StdSchedulerFactory      : Quartz scheduler version: 2.3.2
2021-07-14 11:34:18.602  INFO 99494 --- [main] org.quartz.core.QuartzScheduler          : JobFactory set to: edu.cornell.library.SampleWebapp.config.AutoWiringSpringBeanJobFactory@3a230001
2021-07-14 11:34:19.199  INFO 99494 --- [main] org.quartz.core.QuartzScheduler          : Scheduler MyInstanceName_$_Instance1 started.
2021-07-14 11:34:19.209  INFO 99494 --- [MyInstanceName_Worker-1] e.c.library.SampleWebapp.jobs.SimpleJob  : SimpleJob Start................
2021-07-14 11:34:19.211  INFO 99494 --- [MyInstanceName_Worker-1] e.c.library.SampleWebapp.jobs.SimpleJob  : Counting - 0
2021-07-14 11:34:19.220  INFO 99494 --- [main] e.c.l.S.SampleWebappApplication          : Started SampleWebappApplication in 3.163 seconds (JVM running for 3.623)
2021-07-14 11:34:20.212  INFO 99494 --- [MyInstanceName_Worker-1] e.c.library.SampleWebapp.jobs.SimpleJob  : Counting - 1
2021-07-14 11:34:21.212  INFO 99494 --- [MyInstanceName_Worker-1] e.c.library.SampleWebapp.jobs.SimpleJob  : Counting - 2
2021-07-14 11:34:22.216  INFO 99494 --- [MyInstanceName_Worker-1] e.c.library.SampleWebapp.jobs.SimpleJob  : Counting - 3
2021-07-14 11:34:23.220  INFO 99494 --- [MyInstanceName_Worker-1] e.c.library.SampleWebapp.jobs.SimpleJob  : Counting - 4
2021-07-14 11:34:24.221  INFO 99494 --- [MyInstanceName_Worker-1] e.c.library.SampleWebapp.jobs.SimpleJob  : SimpleJob End................
2021-07-14 11:35:00.005  INFO 99494 --- [MyInstanceName_Worker-2] e.c.library.SampleWebapp.jobs.SimpleJob  : SimpleJob Start................
2021-07-14 11:35:00.005  INFO 99494 --- [MyInstanceName_Worker-2] e.c.library.SampleWebapp.jobs.SimpleJob  : Counting - 0
2021-07-14 11:35:01.010  INFO 99494 --- [MyInstanceName_Worker-2] e.c.library.SampleWebapp.jobs.SimpleJob  : Counting - 1
2021-07-14 11:35:02.012  INFO 99494 --- [MyInstanceName_Worker-2] e.c.library.SampleWebapp.jobs.SimpleJob  : Counting - 2
2021-07-14 11:35:03.015  INFO 99494 --- [MyInstanceName_Worker-2] e.c.library.SampleWebapp.jobs.SimpleJob  : Counting - 3
2021-07-14 11:35:04.019  INFO 99494 --- [MyInstanceName_Worker-2] e.c.library.SampleWebapp.jobs.SimpleJob  : Counting - 4
2021-07-14 11:35:05.022  INFO 99494 --- [MyInstanceName_Worker-2] e.c.library.SampleWebapp.jobs.SimpleJob  : SimpleJob End................
2021-07-14 11:35:18.530  INFO 99494 --- [MyInstanceName_Worker-3] e.c.library.SampleWebapp.jobs.SimpleJob  : SimpleJob Start................
2021-07-14 11:35:18.530  INFO 99494 --- [MyInstanceName_Worker-3] e.c.library.SampleWebapp.jobs.SimpleJob  : Counting - 0
2021-07-14 11:35:19.535  INFO 99494 --- [MyInstanceName_Worker-3] e.c.library.SampleWebapp.jobs.SimpleJob  : Counting - 1
2021-07-14 11:35:20.536  INFO 99494 --- [MyInstanceName_Worker-3] e.c.library.SampleWebapp.jobs.SimpleJob  : Counting - 2
2021-07-14 11:35:21.537  INFO 99494 --- [MyInstanceName_Worker-3] e.c.library.SampleWebapp.jobs.SimpleJob  : Counting - 3
2021-07-14 11:35:22.541  INFO 99494 --- [MyInstanceName_Worker-3] e.c.library.SampleWebapp.jobs.SimpleJob  : Counting - 4
2021-07-14 11:35:23.543  INFO 99494 --- [MyInstanceName_Worker-3] e.c.library.SampleWebapp.jobs.SimpleJob  : SimpleJob End................
2021-07-14 11:36:18.530  INFO 99494 --- [MyInstanceName_Worker-4] e.c.library.SampleWebapp.jobs.SimpleJob  : SimpleJob Start................
2021-07-14 11:36:18.530  INFO 99494 --- [MyInstanceName_Worker-4] e.c.library.SampleWebapp.jobs.SimpleJob  : Counting - 0
2021-07-14 11:36:19.535  INFO 99494 --- [MyInstanceName_Worker-4] e.c.library.SampleWebapp.jobs.SimpleJob  : Counting - 1
2021-07-14 11:36:20.537  INFO 99494 --- [MyInstanceName_Worker-4] e.c.library.SampleWebapp.jobs.SimpleJob  : Counting - 2
2021-07-14 11:36:21.537  INFO 99494 --- [MyInstanceName_Worker-4] e.c.library.SampleWebapp.jobs.SimpleJob  : Counting - 3
2021-07-14 11:36:22.540  INFO 99494 --- [MyInstanceName_Worker-4] e.c.library.SampleWebapp.jobs.SimpleJob  : Counting - 4
2021-07-14 11:36:23.543  INFO 99494 --- [MyInstanceName_Worker-4] e.c.library.SampleWebapp.jobs.SimpleJob  : SimpleJob End................
2021-07-14 11:37:18.531  INFO 99494 --- [MyInstanceName_Worker-5] e.c.library.SampleWebapp.jobs.SimpleJob  : SimpleJob Start................
2021-07-14 11:37:18.531  INFO 99494 --- [MyInstanceName_Worker-5] e.c.library.SampleWebapp.jobs.SimpleJob  : Counting - 0
2021-07-14 11:37:19.535  INFO 99494 --- [MyInstanceName_Worker-5] e.c.library.SampleWebapp.jobs.SimpleJob  : Counting - 1
2021-07-14 11:37:20.536  INFO 99494 --- [MyInstanceName_Worker-5] e.c.library.SampleWebapp.jobs.SimpleJob  : Counting - 2
2021-07-14 11:37:21.537  INFO 99494 --- [MyInstanceName_Worker-5] e.c.library.SampleWebapp.jobs.SimpleJob  : Counting - 3
2021-07-14 11:37:22.540  INFO 99494 --- [MyInstanceName_Worker-5] e.c.library.SampleWebapp.jobs.SimpleJob  : Counting - 4
2021-07-14 11:37:23.542  INFO 99494 --- [MyInstanceName_Worker-5] e.c.library.SampleWebapp.jobs.SimpleJob  : SimpleJob End................
2021-07-14 11:38:18.528  INFO 99494 --- [MyInstanceName_Worker-6] e.c.library.SampleWebapp.jobs.SimpleJob  : SimpleJob Start................
2021-07-14 11:38:18.528  INFO 99494 --- [MyInstanceName_Worker-6] e.c.library.SampleWebapp.jobs.SimpleJob  : Counting - 0
2021-07-14 11:38:19.530  INFO 99494 --- [MyInstanceName_Worker-6] e.c.library.SampleWebapp.jobs.SimpleJob  : Counting - 1
2021-07-14 11:38:20.535  INFO 99494 --- [MyInstanceName_Worker-6] e.c.library.SampleWebapp.jobs.SimpleJob  : Counting - 2
2021-07-14 11:38:21.537  INFO 99494 --- [MyInstanceName_Worker-6] e.c.library.SampleWebapp.jobs.SimpleJob  : Counting - 3
2021-07-14 11:38:22.539  INFO 99494 --- [MyInstanceName_Worker-6] e.c.library.SampleWebapp.jobs.SimpleJob  : Counting - 4
2021-07-14 11:38:23.539  INFO 99494 --- [MyInstanceName_Worker-6] e.c.library.SampleWebapp.jobs.SimpleJob  : SimpleJob End................
2021-07-14 11:39:05.428  INFO 99494 --- [SpringContextShutdownHook] org.quartz.core.QuartzScheduler          : Scheduler MyInstanceName_$_Instance1 paused.
2021-07-14 11:39:05.504  INFO 99494 --- [SpringContextShutdownHook] org.quartz.core.QuartzScheduler          : Scheduler MyInstanceName_$_Instance1 shutting down.
2021-07-14 11:39:05.504  INFO 99494 --- [SpringContextShutdownHook] org.quartz.core.QuartzScheduler          : Scheduler MyInstanceName_$_Instance1 paused.
2021-07-14 11:39:05.981  INFO 99494 --- [SpringContextShutdownHook] org.quartz.core.QuartzScheduler          : Scheduler MyInstanceName_$_Instance1 shutdown complete.
2021-07-14 11:42:31.256  INFO 99733 --- [main] e.c.l.S.SampleWebappApplication          : Starting SampleWebappApplication on lib-8171-mlap with PID 99733 (/Volumes/LaCie/cul/src/SampleWebapp/target/classes started by jaf30 in /Volumes/LaCie/cul/src/SampleWebapp)
2021-07-14 11:42:31.259  INFO 99733 --- [main] e.c.l.S.SampleWebappApplication          : The following profiles are active: dev
2021-07-14 11:42:32.747  INFO 99733 --- [main] o.apache.catalina.core.StandardService   : Starting service [Tomcat]
2021-07-14 11:42:32.748  INFO 99733 --- [main] org.apache.catalina.core.StandardEngine  : Starting Servlet engine: [Apache Tomcat/9.0.38]
2021-07-14 11:42:32.850  INFO 99733 --- [main] o.a.c.c.C.[Tomcat].[localhost].[/]       : Initializing Spring embedded WebApplicationContext
2021-07-14 11:42:32.920  INFO 99733 --- [main] zConfig$$EnhancerBySpringCGLIB$$22e01885 : Hello world from QuartzConfig...
2021-07-14 11:42:32.921  INFO 99733 --- [main] mitJobs$$EnhancerBySpringCGLIB$$4651d151 : Hello world from QuartzSubmitJobs...
2021-07-14 11:42:32.944  INFO 99733 --- [main] e.c.l.SampleWebapp.config.QuartzConfig   : createJobDetail(jobClass=edu.cornell.library.SampleWebapp.jobs.SimpleJob, jobName=simple Job)
2021-07-14 11:42:33.049  INFO 99733 --- [main] org.quartz.impl.StdSchedulerFactory      : Using default implementation for ThreadExecutor
2021-07-14 11:42:33.065  INFO 99733 --- [main] org.quartz.core.SchedulerSignalerImpl    : Initialized Scheduler Signaller of type: class org.quartz.core.SchedulerSignalerImpl
2021-07-14 11:42:33.066  INFO 99733 --- [main] org.quartz.core.QuartzScheduler          : Quartz Scheduler v.2.3.2 created.
2021-07-14 11:42:33.067  INFO 99733 --- [main] org.quartz.simpl.RAMJobStore             : RAMJobStore initialized.
2021-07-14 11:42:33.068  INFO 99733 --- [main] org.quartz.core.QuartzScheduler          : Scheduler meta-data: Quartz Scheduler (v2.3.2) 'MyInstanceName' with instanceId 'Instance1'
  Scheduler class: 'org.quartz.core.QuartzScheduler' - running locally.
  NOT STARTED.
  Currently in standby mode.
  Number of jobs executed: 0
  Using thread pool 'org.quartz.simpl.SimpleThreadPool' - with 10 threads.
  Using job-store 'org.quartz.simpl.RAMJobStore' - which does not support persistence. and is not clustered.

2021-07-14 11:42:33.068  INFO 99733 --- [main] org.quartz.impl.StdSchedulerFactory      : Quartz scheduler 'MyInstanceName' initialized from an externally provided properties instance.
2021-07-14 11:42:33.069  INFO 99733 --- [main] org.quartz.impl.StdSchedulerFactory      : Quartz scheduler version: 2.3.2
2021-07-14 11:42:33.069  INFO 99733 --- [main] org.quartz.core.QuartzScheduler          : JobFactory set to: edu.cornell.library.SampleWebapp.config.AutoWiringSpringBeanJobFactory@4defd42
2021-07-14 11:42:33.430  INFO 99733 --- [main] org.quartz.core.QuartzScheduler          : Scheduler MyInstanceName_$_Instance1 started.
2021-07-14 11:42:33.440  INFO 99733 --- [MyInstanceName_Worker-1] e.c.library.SampleWebapp.jobs.SimpleJob  : SimpleJob Started: 2021/07/14 11:42:33
2021-07-14 11:42:33.442  INFO 99733 --- [MyInstanceName_Worker-1] e.c.library.SampleWebapp.jobs.SimpleJob  : Counting - 0
2021-07-14 11:42:33.451  INFO 99733 --- [main] e.c.l.S.SampleWebappApplication          : Started SampleWebappApplication in 2.759 seconds (JVM running for 3.25)
2021-07-14 11:42:34.445  INFO 99733 --- [MyInstanceName_Worker-1] e.c.library.SampleWebapp.jobs.SimpleJob  : Counting - 1
2021-07-14 11:42:35.448  INFO 99733 --- [MyInstanceName_Worker-1] e.c.library.SampleWebapp.jobs.SimpleJob  : Counting - 2
2021-07-14 11:42:36.451  INFO 99733 --- [MyInstanceName_Worker-1] e.c.library.SampleWebapp.jobs.SimpleJob  : Counting - 3
2021-07-14 11:42:37.452  INFO 99733 --- [MyInstanceName_Worker-1] e.c.library.SampleWebapp.jobs.SimpleJob  : Counting - 4
2021-07-14 11:42:38.453  INFO 99733 --- [MyInstanceName_Worker-1] e.c.library.SampleWebapp.jobs.SimpleJob  : SimpleJob End................
2021-07-14 11:43:32.973  INFO 99733 --- [MyInstanceName_Worker-2] e.c.library.SampleWebapp.jobs.SimpleJob  : SimpleJob Started: 2021/07/14 11:43:32
2021-07-14 11:43:32.974  INFO 99733 --- [MyInstanceName_Worker-2] e.c.library.SampleWebapp.jobs.SimpleJob  : Counting - 0
2021-07-14 11:43:33.975  INFO 99733 --- [MyInstanceName_Worker-2] e.c.library.SampleWebapp.jobs.SimpleJob  : Counting - 1
2021-07-14 11:43:34.979  INFO 99733 --- [MyInstanceName_Worker-2] e.c.library.SampleWebapp.jobs.SimpleJob  : Counting - 2
2021-07-14 11:43:35.983  INFO 99733 --- [MyInstanceName_Worker-2] e.c.library.SampleWebapp.jobs.SimpleJob  : Counting - 3
2021-07-14 11:43:36.984  INFO 99733 --- [MyInstanceName_Worker-2] e.c.library.SampleWebapp.jobs.SimpleJob  : Counting - 4
2021-07-14 11:43:37.984  INFO 99733 --- [MyInstanceName_Worker-2] e.c.library.SampleWebapp.jobs.SimpleJob  : SimpleJob End................
2021-07-14 11:43:51.284  INFO 99733 --- [SpringContextShutdownHook] org.quartz.core.QuartzScheduler          : Scheduler MyInstanceName_$_Instance1 paused.
2021-07-14 11:43:51.370  INFO 99733 --- [SpringContextShutdownHook] org.quartz.core.QuartzScheduler          : Scheduler MyInstanceName_$_Instance1 shutting down.
2021-07-14 11:43:51.370  INFO 99733 --- [SpringContextShutdownHook] org.quartz.core.QuartzScheduler          : Scheduler MyInstanceName_$_Instance1 paused.
2021-07-14 11:43:51.816  INFO 99733 --- [SpringContextShutdownHook] org.quartz.core.QuartzScheduler          : Scheduler MyInstanceName_$_Instance1 shutdown complete.
