Starting the internal HTTP client
type: null
title: AgriVIVO: an Ontology-based Store of URIs and Relations between Entities in Agricultural Research
journalTitle: null
bookTitle: 
year: 2012
volume: null
number: null
pages: null
author: Fereira, John and  Pesce, Valeria and  Corson-Rikert, Jon and  Maru, Ajit and  Keizer, Johannes

type: null
title: The CIARD RING, an Infrastructure for Interoperability of Agricultural Research Information Services [Article and Abstract]
journalTitle: Agricultural Information Worldwide
bookTitle: null
year: 2011
volume: 4
number: 1
pages: 48-53
author: Pesce, V. and  Maru, A. and  Keizer, J.

type: null
title: Main Issues in Developing a Complementary and Subsidiary Information System at the Global Level: Th e Experience of e-GFAR
journalTitle: Agricultural Information Worldwide
bookTitle: null
year: 2010
volume: 2
number: 2
pages: 63-68
author: Pesce, V. and  Maru, A.

type: null
title: GFAR’s Experiences in Fostering and Supporting the Development of Agricultural Research Information Systems at National, Regional and Global Levels [abstract and article]
journalTitle: Agricultural Information Worldwide
bookTitle: null
year: 2010
volume: 2
number: 2
pages: 57-62
author: Maru, A. and  Pesce, V.

type: null
title: Developing Agricultural Research Information Systems: The experience of the Global Forum on Agricultural Research
journalTitle: ASABE - 7th World Congress on Computers in Agriculture and Natural Resources 2009, WCCA 2009
bookTitle: null
year: 2009
volume: null
number: null
pages: 260-264
author: Maru, A. and Holderness, M. and Pesce, V.

type: null
title: American Society of Agricultural and Biological Engineers
journalTitle: 
bookTitle: null
year: 2009
volume: null
number: null
pages: null
author: Maru, A. P. and  Holderness, M. and  Pesce, V.

type: null
title: AgriFeeds: the agricultural news and events aggregator
journalTitle: Agricultural Information Worldwide
bookTitle: null
year: 2009
volume: 1
number: 2
pages: 61-64
author: Salokhe, G. and  Pesce, V. and  Keizer, J. and  Katz, S.

type: null
title: Adoption of Information and Communications Technologies in Agricultural Research for Development
journalTitle: null
bookTitle: 
year: 2008
volume: null
number: null
pages: null
author: Maru, A. and  Pesce, V.

type: null
title: Adoption of ICT* Enabled Information Systems for Agricultural Development and Rural Viability
journalTitle: Pre-Conference workshop summary, at the IAALD-AFITA-WCCA Conference
bookTitle: null
year: 2008
volume: null
number: null
pages: null
author: Gelb, E. and  Maru, A. and  Brodgen, J. and  Dodsworth, E. and  Samii, R. and  Pesce, V.

type: null
title: Proposed Architecture and Workflow for Managing decentralized Information on Organizations Using a Central Registry File
journalTitle: 
bookTitle: null
year: 2007
volume: null
number: null
pages: null
author: Pesce, V.

docType: other
title: Preliminary Work towards Publishing Vocabularies for Germplasm and Soil Data as Linked Data
citationString: null
citationType: null
doi: 10.1007/978-3-319-03437-9_41
pubYear: 2013
volume: null
issue: null
pages: null
articleAbstract: null
language: null
journalTitle: null
bookTitle: null
issn: 1865-0929
isbn: 978-3-319-03436-2
authorString: null

docType: other
title: Reorienting Open Repositories to the Challenges of the Semantic Web: Experiences from FAO’s Contribution to the Resource Processing and Discovery Cycle in Repositories in the Agricultural Domain
citationString: null
citationType: null
doi: 10.1007/978-3-642-35233-1_17
pubYear: 2012
volume: null
issue: null
pages: null
articleAbstract: null
language: null
journalTitle: null
bookTitle: null
issn: 1865-0929
isbn: 978-3-642-35232-4
authorString: null

docType: conference-paper
title: AgriVIVO: an Ontology-based Store of URIs and Relations between Entities in Agricultural Research
citationString: null
citationType: BIBTEX
doi: null
pubYear: 2012
volume: null
issue: null
pages: null
articleAbstract: null
language: null
journalTitle: null
bookTitle: 
issn: null
isbn: null
authorString: Fereira, John and  Pesce, Valeria and  Corson-Rikert, Jon and  Maru, Ajit and  Keizer, Johannes

docType: journal-article
title: The CIARD RING, an Infrastructure for Interoperability of Agricultural Research Information Services [Article and Abstract]
citationString: null
citationType: BIBTEX
doi: null
pubYear: 2011
volume: 4
issue: 1
pages: 48-53
articleAbstract: null
language: null
journalTitle: Agricultural Information Worldwide
bookTitle: null
issn: 2075-7751
isbn: null
authorString: Pesce, V. and  Maru, A. and  Keizer, J.

docType: journal-article
title: Main Issues in Developing a Complementary and Subsidiary Information System at the Global Level: Th e Experience of e-GFAR
citationString: null
citationType: BIBTEX
doi: null
pubYear: 2010
volume: 2
issue: 2
pages: 63-68
articleAbstract: null
language: null
journalTitle: Agricultural Information Worldwide
bookTitle: null
issn: 2075-7751
isbn: null
authorString: Pesce, V. and  Maru, A.

docType: journal-article
title: GFAR’s Experiences in Fostering and Supporting the Development of Agricultural Research Information Systems at National, Regional and Global Levels [abstract and article]
citationString: null
citationType: BIBTEX
doi: null
pubYear: 2010
volume: 2
issue: 2
pages: 57-62
articleAbstract: null
language: null
journalTitle: Agricultural Information Worldwide
bookTitle: null
issn: 2075-7751
isbn: null
authorString: Maru, A. and  Pesce, V.

docType: journal-article
title: Developing Agricultural Research Information Systems: The experience of the Global Forum on Agricultural Research
citationString: null
citationType: BIBTEX
doi: null
pubYear: 2009
volume: null
issue: null
pages: 260-264
articleAbstract: null
language: null
journalTitle: ASABE - 7th World Congress on Computers in Agriculture and Natural Resources 2009, WCCA 2009
bookTitle: null
issn: null
isbn: null
authorString: Maru, A. and Holderness, M. and Pesce, V.

docType: journal-article
title: American Society of Agricultural and Biological Engineers
citationString: null
citationType: BIBTEX
doi: null
pubYear: 2009
volume: null
issue: null
pages: null
articleAbstract: null
language: null
journalTitle: 
bookTitle: null
issn: null
isbn: null
authorString: Maru, A. P. and  Holderness, M. and  Pesce, V.

docType: journal-article
title: AgriFeeds: the agricultural news and events aggregator
citationString: null
citationType: BIBTEX
doi: null
pubYear: 2009
volume: 1
issue: 2
pages: 61-64
articleAbstract: null
language: null
journalTitle: Agricultural Information Worldwide
bookTitle: null
issn: 2075-7751
isbn: null
authorString: Salokhe, G. and  Pesce, V. and  Keizer, J. and  Katz, S.

docType: conference-paper
title: Adoption of Information and Communications Technologies in Agricultural Research for Development
citationString: null
citationType: BIBTEX
doi: null
pubYear: 2008
volume: null
issue: null
pages: null
articleAbstract: null
language: null
journalTitle: null
bookTitle: 
issn: null
isbn: null
authorString: Maru, A. and  Pesce, V.

docType: journal-article
title: Adoption of ICT* Enabled Information Systems for Agricultural Development and Rural Viability
citationString: null
citationType: BIBTEX
doi: null
pubYear: 2008
volume: null
issue: null
pages: null
articleAbstract: null
language: null
journalTitle: Pre-Conference workshop summary, at the IAALD-AFITA-WCCA Conference
bookTitle: null
issn: null
isbn: null
authorString: Gelb, E. and  Maru, A. and  Brodgen, J. and  Dodsworth, E. and  Samii, R. and  Pesce, V.

docType: journal-article
title: Proposed Architecture and Workflow for Managing decentralized Information on Organizations Using a Central Registry File
citationString: null
citationType: BIBTEX
doi: null
pubYear: 2007
volume: null
issue: null
pages: null
articleAbstract: null
language: null
journalTitle: 
bookTitle: null
issn: null
isbn: null
authorString: Pesce, V.

docType: book-chapter
title: A Distributed Architecture for Harvesting Metadata Describing Organizations in the Agriculture Sector
citationString: Pesce, V, Ajit, M, Gauri, S &amp; Keizer, J, 2009, 'A Distributed Architecture for Harvesting Metadata Describing Organizations in the Agriculture Sector', <i>Metadata and Semantics</i>, Springer US, Boston, MA, pp. 509-514.
citationType: FORMATTED_UNSPECIFIED
doi: 10.1007/978-0-387-77745-0_50
pubYear: null
volume: null
issue: null
pages: null
articleAbstract: null
language: null
journalTitle: null
bookTitle: null
issn: null
isbn: null
authorString: null

